\BOOKMARK [1][-]{section*.1}{\376\377\000E\000x\000e\000c\000u\000t\000i\000v\000e\000\040\000S\000u\000m\000m\000a\000r\000y}{}% 1
\BOOKMARK [1][-]{section.1}{\376\377\000I\000n\000t\000r\000o\000d\000u\000c\000t\000i\000o\000n}{}% 2
\BOOKMARK [2][-]{subsection.1.1}{\376\377\000P\000r\000o\000j\000e\000c\000t\000\040\000M\000o\000t\000i\000v\000a\000t\000i\000o\000n}{section.1}% 3
\BOOKMARK [2][-]{subsection.1.2}{\376\377\000A\000i\000m\000s\000\040\000a\000n\000d\000\040\000O\000b\000j\000e\000c\000t\000i\000v\000e\000s}{section.1}% 4
\BOOKMARK [3][-]{subsubsection.1.2.1}{\376\377\000P\000r\000i\000m\000a\000r\000y\000\040\000O\000b\000j\000e\000c\000t\000i\000v\000e\000s}{subsection.1.2}% 5
\BOOKMARK [3][-]{subsubsection.1.2.2}{\376\377\000S\000e\000c\000o\000n\000d\000a\000r\000y\000\040\000O\000b\000j\000e\000c\000t\000i\000v\000e\000s}{subsection.1.2}% 6
\BOOKMARK [2][-]{subsection.1.3}{\376\377\000P\000r\000o\000j\000e\000c\000t\000\040\000S\000c\000o\000p\000e\000\040\000a\000n\000d\000\040\000C\000o\000n\000s\000t\000r\000a\000i\000n\000t\000s}{section.1}% 7
\BOOKMARK [1][-]{section.2}{\376\377\000L\000i\000t\000e\000r\000a\000t\000u\000r\000e\000\040\000S\000u\000r\000v\000e\000y\000\040\000a\000n\000d\000\040\000T\000e\000c\000h\000n\000o\000l\000o\000g\000y\000\040\000R\000e\000v\000i\000e\000w}{}% 8
\BOOKMARK [2][-]{subsection.2.1}{\376\377\000S\000m\000a\000r\000t\000\040\000L\000i\000g\000h\000t\000i\000n\000g\000\040\000S\000y\000s\000t\000e\000m\000s\000\040\000a\000n\000d\000\040\000H\000o\000m\000e\000\040\000A\000u\000t\000o\000m\000a\000t\000i\000o\000n}{section.2}% 9
\BOOKMARK [2][-]{subsection.2.2}{\376\377\000L\000E\000D\000\040\000T\000e\000c\000h\000n\000o\000l\000o\000g\000y\000\040\000a\000n\000d\000\040\000D\000r\000i\000v\000e\000r\000\040\000C\000i\000r\000c\000u\000i\000t\000s}{section.2}% 10
\BOOKMARK [2][-]{subsection.2.3}{\376\377\000E\000m\000b\000e\000d\000d\000e\000d\000\040\000S\000y\000s\000t\000e\000m\000s\000\040\000a\000n\000d\000\040\000I\000o\000T\000\040\000P\000l\000a\000t\000f\000o\000r\000m\000s}{section.2}% 11
\BOOKMARK [2][-]{subsection.2.4}{\376\377\000M\000a\000c\000h\000i\000n\000e\000\040\000L\000e\000a\000r\000n\000i\000n\000g\000\040\000o\000n\000\040\000E\000m\000b\000e\000d\000d\000e\000d\000\040\000D\000e\000v\000i\000c\000e\000s}{section.2}% 12
\BOOKMARK [2][-]{subsection.2.5}{\376\377\000H\000e\000a\000l\000t\000h\000\040\000D\000a\000t\000a\000\040\000I\000n\000t\000e\000g\000r\000a\000t\000i\000o\000n\000\040\000a\000n\000d\000\040\000P\000r\000i\000v\000a\000c\000y}{section.2}% 13
\BOOKMARK [2][-]{subsection.2.6}{\376\377\000C\000i\000r\000c\000a\000d\000i\000a\000n\000\040\000R\000h\000y\000t\000h\000m\000\040\000a\000n\000d\000\040\000L\000i\000g\000h\000t\000i\000n\000g\000\040\000E\000f\000f\000e\000c\000t\000s}{section.2}% 14
\BOOKMARK [2][-]{subsection.2.7}{\376\377\000S\000u\000m\000m\000a\000r\000y\000\040\000o\000f\000\040\000K\000e\000y\000\040\000F\000i\000n\000d\000i\000n\000g\000s}{section.2}% 15
\BOOKMARK [1][-]{section.3}{\376\377\000R\000e\000q\000u\000i\000r\000e\000m\000e\000n\000t\000s\000\040\000A\000n\000a\000l\000y\000s\000i\000s\000\040\000a\000n\000d\000\040\000S\000y\000s\000t\000e\000m\000\040\000D\000e\000s\000i\000g\000n}{}% 16
\BOOKMARK [2][-]{subsection.3.1}{\376\377\000F\000u\000n\000c\000t\000i\000o\000n\000a\000l\000\040\000R\000e\000q\000u\000i\000r\000e\000m\000e\000n\000t\000s}{section.3}% 17
\BOOKMARK [3][-]{subsubsection.3.1.1}{\376\377\000C\000o\000r\000e\000\040\000F\000u\000n\000c\000t\000i\000o\000n\000a\000l\000\040\000R\000e\000q\000u\000i\000r\000e\000m\000e\000n\000t\000s}{subsection.3.1}% 18
\BOOKMARK [3][-]{subsubsection.3.1.2}{\376\377\000A\000d\000d\000i\000t\000i\000o\000n\000a\000l\000\040\000F\000u\000n\000c\000t\000i\000o\000n\000a\000l\000\040\000R\000e\000q\000u\000i\000r\000e\000m\000e\000n\000t\000s}{subsection.3.1}% 19
\BOOKMARK [2][-]{subsection.3.2}{\376\377\000N\000o\000n\000-\000F\000u\000n\000c\000t\000i\000o\000n\000a\000l\000\040\000R\000e\000q\000u\000i\000r\000e\000m\000e\000n\000t\000s}{section.3}% 20
\BOOKMARK [3][-]{subsubsection.3.2.1}{\376\377\000P\000e\000r\000f\000o\000r\000m\000a\000n\000c\000e\000\040\000R\000e\000q\000u\000i\000r\000e\000m\000e\000n\000t\000s}{subsection.3.2}% 21
\BOOKMARK [3][-]{subsubsection.3.2.2}{\376\377\000R\000e\000l\000i\000a\000b\000i\000l\000i\000t\000y\000\040\000a\000n\000d\000\040\000S\000a\000f\000e\000t\000y\000\040\000R\000e\000q\000u\000i\000r\000e\000m\000e\000n\000t\000s}{subsection.3.2}% 22
\BOOKMARK [3][-]{subsubsection.3.2.3}{\376\377\000U\000s\000a\000b\000i\000l\000i\000t\000y\000\040\000R\000e\000q\000u\000i\000r\000e\000m\000e\000n\000t\000s}{subsection.3.2}% 23
\BOOKMARK [2][-]{subsection.3.3}{\376\377\000S\000y\000s\000t\000e\000m\000\040\000A\000r\000c\000h\000i\000t\000e\000c\000t\000u\000r\000e}{section.3}% 24
\BOOKMARK [3][-]{subsubsection.3.3.1}{\376\377\000H\000a\000r\000d\000w\000a\000r\000e\000\040\000A\000r\000c\000h\000i\000t\000e\000c\000t\000u\000r\000e}{subsection.3.3}% 25
\BOOKMARK [3][-]{subsubsection.3.3.2}{\376\377\000F\000i\000r\000m\000w\000a\000r\000e\000\040\000A\000r\000c\000h\000i\000t\000e\000c\000t\000u\000r\000e}{subsection.3.3}% 26
\BOOKMARK [3][-]{subsubsection.3.3.3}{\376\377\000A\000p\000p\000l\000i\000c\000a\000t\000i\000o\000n\000\040\000A\000r\000c\000h\000i\000t\000e\000c\000t\000u\000r\000e}{subsection.3.3}% 27
\BOOKMARK [2][-]{subsection.3.4}{\376\377\000U\000s\000e\000\040\000C\000a\000s\000e\000\040\000S\000c\000e\000n\000a\000r\000i\000o\000s}{section.3}% 28
\BOOKMARK [3][-]{subsubsection.3.4.1}{\376\377\000U\000s\000e\000\040\000C\000a\000s\000e\000\040\0001\000:\000\040\000I\000n\000i\000t\000i\000a\000l\000\040\000S\000e\000t\000u\000p\000\040\000a\000n\000d\000\040\000C\000o\000n\000f\000i\000g\000u\000r\000a\000t\000i\000o\000n}{subsection.3.4}% 29
\BOOKMARK [3][-]{subsubsection.3.4.2}{\376\377\000U\000s\000e\000\040\000C\000a\000s\000e\000\040\0002\000:\000\040\000D\000a\000i\000l\000y\000\040\000A\000d\000a\000p\000t\000i\000v\000e\000\040\000B\000e\000h\000a\000v\000i\000o\000u\000r}{subsection.3.4}% 30
\BOOKMARK [3][-]{subsubsection.3.4.3}{\376\377\000U\000s\000e\000\040\000C\000a\000s\000e\000\040\0003\000:\000\040\000W\000e\000e\000k\000e\000n\000d\000\040\000R\000o\000u\000t\000i\000n\000e\000\040\000V\000a\000r\000i\000a\000t\000i\000o\000n}{subsection.3.4}% 31
\BOOKMARK [3][-]{subsubsection.3.4.4}{\376\377\000U\000s\000e\000\040\000C\000a\000s\000e\000\040\0004\000:\000\040\000H\000e\000a\000l\000t\000h\000\040\000D\000a\000t\000a\000\040\000E\000n\000h\000a\000n\000c\000e\000d\000\040\000A\000u\000t\000o\000m\000a\000t\000i\000o\000n}{subsection.3.4}% 32
\BOOKMARK [1][-]{section.4}{\376\377\000E\000x\000p\000e\000r\000i\000m\000e\000n\000t\000a\000l\000\040\000M\000e\000t\000h\000o\000d\000s\000\040\000a\000n\000d\000\040\000D\000e\000v\000e\000l\000o\000p\000m\000e\000n\000t\000\040\000W\000o\000r\000k\000\040\000t\000o\000\040\000D\000a\000t\000e}{}% 33
\BOOKMARK [2][-]{subsection.4.1}{\376\377\000D\000e\000v\000e\000l\000o\000p\000m\000e\000n\000t\000\040\000E\000n\000v\000i\000r\000o\000n\000m\000e\000n\000t\000\040\000S\000e\000t\000u\000p}{section.4}% 34
\BOOKMARK [2][-]{subsection.4.2}{\376\377\000H\000a\000r\000d\000w\000a\000r\000e\000\040\000D\000e\000v\000e\000l\000o\000p\000m\000e\000n\000t\000\040\000P\000r\000o\000g\000r\000e\000s\000s}{section.4}% 35
\BOOKMARK [3][-]{subsubsection.4.2.1}{\376\377\000C\000o\000m\000p\000o\000n\000e\000n\000t\000\040\000S\000e\000l\000e\000c\000t\000i\000o\000n\000\040\000a\000n\000d\000\040\000P\000r\000o\000c\000u\000r\000e\000m\000e\000n\000t}{subsection.4.2}% 36
\BOOKMARK [2][-]{subsection.4.3}{\376\377\000F\000i\000r\000m\000w\000a\000r\000e\000\040\000D\000e\000v\000e\000l\000o\000p\000m\000e\000n\000t\000\040\000P\000r\000o\000g\000r\000e\000s\000s}{section.4}% 37
\BOOKMARK [3][-]{subsubsection.4.3.1}{\376\377\000W\000i\000r\000e\000l\000e\000s\000s\000\040\000C\000o\000m\000m\000u\000n\000i\000c\000a\000t\000i\000o\000n\000\040\000I\000m\000p\000l\000e\000m\000e\000n\000t\000a\000t\000i\000o\000n}{subsection.4.3}% 38
\BOOKMARK [2][-]{subsection.4.4}{\376\377\000S\000o\000f\000t\000w\000a\000r\000e\000\040\000A\000p\000p\000l\000i\000c\000a\000t\000i\000o\000n\000\040\000D\000e\000v\000e\000l\000o\000p\000m\000e\000n\000t\000\040\000P\000r\000o\000g\000r\000e\000s\000s}{section.4}% 39
\BOOKMARK [3][-]{subsubsection.4.4.1}{\376\377\000i\000O\000S\000\040\000A\000p\000p\000l\000i\000c\000a\000t\000i\000o\000n\000\040\000D\000e\000v\000e\000l\000o\000p\000m\000e\000n\000t}{subsection.4.4}% 40
\BOOKMARK [2][-]{subsection.4.5}{\376\377\000C\000o\000n\000t\000r\000o\000l\000\040\000I\000n\000t\000e\000r\000f\000a\000c\000e\000\040\000a\000n\000d\000\040\000C\000o\000m\000m\000u\000n\000i\000c\000a\000t\000i\000o\000n}{section.4}% 41
\BOOKMARK [2][-]{subsection.4.6}{\376\377\000B\000l\000u\000e\000t\000o\000o\000t\000h\000\040\000L\000o\000w\000\040\000E\000n\000e\000r\000g\000y\000\040\000C\000o\000m\000m\000u\000n\000i\000c\000a\000t\000i\000o\000n}{section.4}% 42
\BOOKMARK [2][-]{subsection.4.7}{\376\377\000S\000i\000m\000u\000l\000a\000t\000o\000r\000\040\000M\000o\000d\000e\000\040\000I\000m\000p\000l\000e\000m\000e\000n\000t\000a\000t\000i\000o\000n}{section.4}% 43
\BOOKMARK [2][-]{subsection.4.8}{\376\377\000N\000e\000t\000w\000o\000r\000k\000\040\000C\000o\000m\000m\000u\000n\000i\000c\000a\000t\000i\000o\000n\000\040\000A\000r\000c\000h\000i\000t\000e\000c\000t\000u\000r\000e}{section.4}% 44
\BOOKMARK [2][-]{subsection.4.9}{\376\377\000D\000e\000p\000l\000o\000y\000m\000e\000n\000t\000\040\000a\000n\000d\000\040\000T\000e\000s\000t\000i\000n\000g}{section.4}% 45
\BOOKMARK [3][-]{subsubsection.4.9.1}{\376\377\000B\000a\000c\000k\000e\000n\000d\000\040\000S\000e\000r\000v\000e\000r\000\040\000D\000e\000v\000e\000l\000o\000p\000m\000e\000n\000t}{subsection.4.9}% 46
\BOOKMARK [2][-]{subsection.4.10}{\376\377\000P\000r\000e\000l\000i\000m\000i\000n\000a\000r\000y\000\040\000T\000e\000s\000t\000i\000n\000g\000\040\000a\000n\000d\000\040\000R\000e\000s\000u\000l\000t\000s}{section.4}% 47
\BOOKMARK [3][-]{subsubsection.4.10.1}{\376\377\000S\000y\000s\000t\000e\000m\000\040\000I\000n\000t\000e\000g\000r\000a\000t\000i\000o\000n\000\040\000T\000e\000s\000t\000i\000n\000g}{subsection.4.10}% 48
\BOOKMARK [2][-]{subsection.4.11}{\376\377\000C\000h\000a\000l\000l\000e\000n\000g\000e\000s\000\040\000E\000n\000c\000o\000u\000n\000t\000e\000r\000e\000d\000\040\000a\000n\000d\000\040\000S\000o\000l\000u\000t\000i\000o\000n\000s}{section.4}% 49
\BOOKMARK [3][-]{subsubsection.4.11.1}{\376\377\000i\000O\000S\000\040\000B\000l\000u\000e\000t\000o\000o\000t\000h\000\040\000P\000e\000r\000m\000i\000s\000s\000i\000o\000n\000\040\000C\000o\000n\000f\000i\000g\000u\000r\000a\000t\000i\000o\000n}{subsection.4.11}% 50
\BOOKMARK [3][-]{subsubsection.4.11.2}{\376\377\000N\000e\000t\000w\000o\000r\000k\000\040\000C\000o\000n\000f\000i\000g\000u\000r\000a\000t\000i\000o\000n\000\040\000f\000o\000r\000\040\000P\000h\000y\000s\000i\000c\000a\000l\000\040\000D\000e\000v\000i\000c\000e\000s}{subsection.4.11}% 51
\BOOKMARK [3][-]{subsubsection.4.11.3}{\376\377\000S\000i\000m\000u\000l\000a\000t\000o\000r\000\040\000M\000o\000d\000e\000\040\000A\000r\000c\000h\000i\000t\000e\000c\000t\000u\000r\000e}{subsection.4.11}% 52
\BOOKMARK [3][-]{subsubsection.4.11.4}{\376\377\000D\000a\000t\000a\000b\000a\000s\000e\000\040\000M\000o\000d\000e\000\040\000F\000i\000l\000t\000e\000r\000i\000n\000g}{subsection.4.11}% 53
\BOOKMARK [1][-]{section.5}{\376\377\000P\000l\000a\000n\000n\000e\000d\000\040\000D\000e\000l\000i\000v\000e\000r\000a\000b\000l\000e\000s\000\040\000a\000n\000d\000\040\000W\000o\000r\000k\000\040\000P\000l\000a\000n}{}% 54
\BOOKMARK [2][-]{subsection.5.1}{\376\377\000E\000x\000p\000e\000c\000t\000e\000d\000\040\000D\000e\000l\000i\000v\000e\000r\000a\000b\000l\000e\000s}{section.5}% 55
\BOOKMARK [3][-]{subsubsection.5.1.1}{\376\377\000P\000r\000i\000m\000a\000r\000y\000\040\000D\000e\000l\000i\000v\000e\000r\000a\000b\000l\000e\000s}{subsection.5.1}% 56
\BOOKMARK [3][-]{subsubsection.5.1.2}{\376\377\000S\000u\000p\000p\000o\000r\000t\000i\000n\000g\000\040\000D\000e\000l\000i\000v\000e\000r\000a\000b\000l\000e\000s}{subsection.5.1}% 57
\BOOKMARK [2][-]{subsection.5.2}{\376\377\000R\000e\000m\000a\000i\000n\000i\000n\000g\000\040\000W\000o\000r\000k}{section.5}% 58
\BOOKMARK [3][-]{subsubsection.5.2.1}{\376\377\000H\000a\000r\000d\000w\000a\000r\000e\000\040\000C\000o\000m\000p\000l\000e\000t\000i\000o\000n\000\040\000T\000a\000s\000k\000s}{subsection.5.2}% 59
\BOOKMARK [3][-]{subsubsection.5.2.2}{\376\377\000F\000i\000r\000m\000w\000a\000r\000e\000\040\000C\000o\000m\000p\000l\000e\000t\000i\000o\000n\000\040\000T\000a\000s\000k\000s}{subsection.5.2}% 60
\BOOKMARK [3][-]{subsubsection.5.2.3}{\376\377\000A\000p\000p\000l\000i\000c\000a\000t\000i\000o\000n\000\040\000C\000o\000m\000p\000l\000e\000t\000i\000o\000n\000\040\000T\000a\000s\000k\000s}{subsection.5.2}% 61
\BOOKMARK [3][-]{subsubsection.5.2.4}{\376\377\000T\000e\000s\000t\000i\000n\000g\000\040\000a\000n\000d\000\040\000E\000v\000a\000l\000u\000a\000t\000i\000o\000n\000\040\000T\000a\000s\000k\000s}{subsection.5.2}% 62
\BOOKMARK [3][-]{subsubsection.5.2.5}{\376\377\000D\000o\000c\000u\000m\000e\000n\000t\000a\000t\000i\000o\000n\000\040\000T\000a\000s\000k\000s}{subsection.5.2}% 63
\BOOKMARK [2][-]{subsection.5.3}{\376\377\000W\000o\000r\000k\000\040\000P\000l\000a\000n\000\040\000a\000n\000d\000\040\000T\000i\000m\000e\000l\000i\000n\000e}{section.5}% 64
\BOOKMARK [3][-]{subsubsection.5.3.1}{\376\377\000N\000o\000v\000e\000m\000b\000e\000r\000\040\0002\0000\0002\0005}{subsection.5.3}% 65
\BOOKMARK [3][-]{subsubsection.5.3.2}{\376\377\000D\000e\000c\000e\000m\000b\000e\000r\000\040\0002\0000\0002\0005}{subsection.5.3}% 66
\BOOKMARK [3][-]{subsubsection.5.3.3}{\376\377\000J\000a\000n\000u\000a\000r\000y\000\040\0002\0000\0002\0006}{subsection.5.3}% 67
\BOOKMARK [3][-]{subsubsection.5.3.4}{\376\377\000F\000e\000b\000r\000u\000a\000r\000y\000\040\0002\0000\0002\0006}{subsection.5.3}% 68
\BOOKMARK [3][-]{subsubsection.5.3.5}{\376\377\000M\000a\000r\000c\000h\000\040\0002\0000\0002\0006}{subsection.5.3}% 69
\BOOKMARK [3][-]{subsubsection.5.3.6}{\376\377\000A\000p\000r\000i\000l\000\040\0002\0000\0002\0006}{subsection.5.3}% 70
\BOOKMARK [2][-]{subsection.5.4}{\376\377\000R\000i\000s\000k\000\040\000A\000s\000s\000e\000s\000s\000m\000e\000n\000t}{section.5}% 71
\BOOKMARK [3][-]{subsubsection.5.4.1}{\376\377\000T\000e\000c\000h\000n\000i\000c\000a\000l\000\040\000R\000i\000s\000k\000s}{subsection.5.4}% 72
\BOOKMARK [3][-]{subsubsection.5.4.2}{\376\377\000P\000r\000o\000j\000e\000c\000t\000\040\000M\000a\000n\000a\000g\000e\000m\000e\000n\000t\000\040\000R\000i\000s\000k\000s}{subsection.5.4}% 73
\BOOKMARK [3][-]{subsubsection.5.4.3}{\376\377\000S\000a\000f\000e\000t\000y\000\040\000R\000i\000s\000k\000s}{subsection.5.4}% 74
\BOOKMARK [1][-]{section.6}{\376\377\000E\000s\000t\000i\000m\000a\000t\000e\000d\000\040\000T\000o\000t\000a\000l\000\040\000C\000o\000s\000t}{}% 75
\BOOKMARK [2][-]{subsection.6.1}{\376\377\000H\000a\000r\000d\000w\000a\000r\000e\000\040\000C\000o\000m\000p\000o\000n\000e\000n\000t\000s}{section.6}% 76
\BOOKMARK [2][-]{subsection.6.2}{\376\377\000M\000a\000t\000e\000r\000i\000a\000l\000s\000\040\000a\000n\000d\000\040\000F\000a\000b\000r\000i\000c\000a\000t\000i\000o\000n}{section.6}% 77
\BOOKMARK [2][-]{subsection.6.3}{\376\377\000S\000o\000f\000t\000w\000a\000r\000e\000\040\000a\000n\000d\000\040\000S\000e\000r\000v\000i\000c\000e\000s}{section.6}% 78
\BOOKMARK [2][-]{subsection.6.4}{\376\377\000D\000o\000c\000u\000m\000e\000n\000t\000a\000t\000i\000o\000n\000\040\000a\000n\000d\000\040\000P\000r\000e\000s\000e\000n\000t\000a\000t\000i\000o\000n}{section.6}% 79
\BOOKMARK [2][-]{subsection.6.5}{\376\377\000C\000o\000n\000t\000i\000n\000g\000e\000n\000c\000y}{section.6}% 80
\BOOKMARK [2][-]{subsection.6.6}{\376\377\000T\000o\000t\000a\000l\000\040\000P\000r\000o\000j\000e\000c\000t\000\040\000B\000u\000d\000g\000e\000t}{section.6}% 81
\BOOKMARK [1][-]{section.7}{\376\377\000P\000l\000a\000n\000\040\000o\000f\000\040\000F\000i\000n\000a\000l\000\040\000R\000e\000p\000o\000r\000t\000\040\000S\000t\000r\000u\000c\000t\000u\000r\000e}{}% 82
\BOOKMARK [2][-]{subsection.7.1}{\376\377\000P\000r\000o\000p\000o\000s\000e\000d\000\040\000C\000h\000a\000p\000t\000e\000r\000\040\000S\000t\000r\000u\000c\000t\000u\000r\000e}{section.7}% 83
\BOOKMARK [2][-]{subsection.7.2}{\376\377\000A\000n\000t\000i\000c\000i\000p\000a\000t\000e\000d\000\040\000C\000o\000n\000t\000r\000i\000b\000u\000t\000i\000o\000n\000s}{section.7}% 84
\BOOKMARK [1][-]{section.8}{\376\377\000C\000o\000n\000c\000l\000u\000s\000i\000o\000n\000s}{}% 85
\BOOKMARK [2][-]{subsection.8.1}{\376\377\000P\000r\000o\000g\000r\000e\000s\000s\000\040\000S\000u\000m\000m\000a\000r\000y}{section.8}% 86
\BOOKMARK [2][-]{subsection.8.2}{\376\377\000A\000s\000s\000e\000s\000s\000m\000e\000n\000t\000\040\000o\000f\000\040\000P\000r\000o\000g\000r\000e\000s\000s\000\040\000A\000g\000a\000i\000n\000s\000t\000\040\000T\000i\000m\000e\000l\000i\000n\000e}{section.8}% 87
\BOOKMARK [2][-]{subsection.8.3}{\376\377\000K\000e\000y\000\040\000L\000e\000a\000r\000n\000i\000n\000g\000s}{section.8}% 88
\BOOKMARK [2][-]{subsection.8.4}{\376\377\000N\000e\000x\000t\000\040\000S\000t\000e\000p\000s}{section.8}% 89
\BOOKMARK [1][-]{section*.12}{\376\377\000R\000e\000f\000e\000r\000e\000n\000c\000e\000s}{}% 90
\BOOKMARK [1][-]{section*.13}{\376\377\000A\000p\000p\000e\000n\000d\000i\000c\000e\000s}{}% 91
