\BOOKMARK [1][-]{section*.1}{\376\377\000E\000x\000e\000c\000u\000t\000i\000v\000e\000\040\000S\000u\000m\000m\000a\000r\000y}{}% 1
\BOOKMARK [1][-]{section.1}{\376\377\000I\000n\000t\000r\000o\000d\000u\000c\000t\000i\000o\000n}{}% 2
\BOOKMARK [2][-]{subsection.1.1}{\376\377\000P\000r\000o\000j\000e\000c\000t\000\040\000M\000o\000t\000i\000v\000a\000t\000i\000o\000n}{section.1}% 3
\BOOKMARK [2][-]{subsection.1.2}{\376\377\000A\000i\000m\000s\000\040\000a\000n\000d\000\040\000O\000b\000j\000e\000c\000t\000i\000v\000e\000s}{section.1}% 4
\BOOKMARK [3][-]{subsubsection.1.2.1}{\376\377\000P\000r\000i\000m\000a\000r\000y\000\040\000O\000b\000j\000e\000c\000t\000i\000v\000e\000s}{subsection.1.2}% 5
\BOOKMARK [3][-]{subsubsection.1.2.2}{\376\377\000S\000e\000c\000o\000n\000d\000a\000r\000y\000\040\000O\000b\000j\000e\000c\000t\000i\000v\000e\000s}{subsection.1.2}% 6
\BOOKMARK [2][-]{subsection.1.3}{\376\377\000P\000r\000o\000j\000e\000c\000t\000\040\000S\000c\000o\000p\000e\000\040\000a\000n\000d\000\040\000C\000o\000n\000s\000t\000r\000a\000i\000n\000t\000s}{section.1}% 7
\BOOKMARK [1][-]{section.2}{\376\377\000L\000i\000t\000e\000r\000a\000t\000u\000r\000e\000\040\000S\000u\000r\000v\000e\000y\000\040\000a\000n\000d\000\040\000T\000e\000c\000h\000n\000o\000l\000o\000g\000y\000\040\000R\000e\000v\000i\000e\000w}{}% 8
\BOOKMARK [2][-]{subsection.2.1}{\376\377\000S\000m\000a\000r\000t\000\040\000L\000i\000g\000h\000t\000i\000n\000g\000\040\000S\000y\000s\000t\000e\000m\000s\000\040\000a\000n\000d\000\040\000H\000o\000m\000e\000\040\000A\000u\000t\000o\000m\000a\000t\000i\000o\000n}{section.2}% 9
\BOOKMARK [2][-]{subsection.2.2}{\376\377\000L\000E\000D\000\040\000T\000e\000c\000h\000n\000o\000l\000o\000g\000y\000\040\000a\000n\000d\000\040\000D\000r\000i\000v\000e\000r\000\040\000C\000i\000r\000c\000u\000i\000t\000s}{section.2}% 10
\BOOKMARK [2][-]{subsection.2.3}{\376\377\000E\000m\000b\000e\000d\000d\000e\000d\000\040\000S\000y\000s\000t\000e\000m\000s\000\040\000a\000n\000d\000\040\000I\000o\000T\000\040\000P\000l\000a\000t\000f\000o\000r\000m\000s}{section.2}% 11
\BOOKMARK [2][-]{subsection.2.4}{\376\377\000M\000a\000c\000h\000i\000n\000e\000\040\000L\000e\000a\000r\000n\000i\000n\000g\000\040\000o\000n\000\040\000E\000m\000b\000e\000d\000d\000e\000d\000\040\000D\000e\000v\000i\000c\000e\000s}{section.2}% 12
\BOOKMARK [2][-]{subsection.2.5}{\376\377\000H\000e\000a\000l\000t\000h\000\040\000D\000a\000t\000a\000\040\000I\000n\000t\000e\000g\000r\000a\000t\000i\000o\000n\000\040\000a\000n\000d\000\040\000P\000r\000i\000v\000a\000c\000y}{section.2}% 13
\BOOKMARK [2][-]{subsection.2.6}{\376\377\000C\000i\000r\000c\000a\000d\000i\000a\000n\000\040\000R\000h\000y\000t\000h\000m\000\040\000a\000n\000d\000\040\000L\000i\000g\000h\000t\000i\000n\000g\000\040\000E\000f\000f\000e\000c\000t\000s}{section.2}% 14
\BOOKMARK [2][-]{subsection.2.7}{\376\377\000S\000u\000m\000m\000a\000r\000y\000\040\000o\000f\000\040\000K\000e\000y\000\040\000F\000i\000n\000d\000i\000n\000g\000s}{section.2}% 15
\BOOKMARK [1][-]{section.3}{\376\377\000R\000e\000q\000u\000i\000r\000e\000m\000e\000n\000t\000s\000\040\000A\000n\000a\000l\000y\000s\000i\000s\000\040\000a\000n\000d\000\040\000S\000y\000s\000t\000e\000m\000\040\000D\000e\000s\000i\000g\000n}{}% 16
\BOOKMARK [2][-]{subsection.3.1}{\376\377\000F\000u\000n\000c\000t\000i\000o\000n\000a\000l\000\040\000R\000e\000q\000u\000i\000r\000e\000m\000e\000n\000t\000s}{section.3}% 17
\BOOKMARK [3][-]{subsubsection.3.1.1}{\376\377\000C\000o\000r\000e\000\040\000F\000u\000n\000c\000t\000i\000o\000n\000a\000l\000\040\000R\000e\000q\000u\000i\000r\000e\000m\000e\000n\000t\000s}{subsection.3.1}% 18
\BOOKMARK [3][-]{subsubsection.3.1.2}{\376\377\000A\000d\000d\000i\000t\000i\000o\000n\000a\000l\000\040\000F\000u\000n\000c\000t\000i\000o\000n\000a\000l\000\040\000R\000e\000q\000u\000i\000r\000e\000m\000e\000n\000t\000s}{subsection.3.1}% 19
\BOOKMARK [2][-]{subsection.3.2}{\376\377\000N\000o\000n\000-\000F\000u\000n\000c\000t\000i\000o\000n\000a\000l\000\040\000R\000e\000q\000u\000i\000r\000e\000m\000e\000n\000t\000s}{section.3}% 20
\BOOKMARK [3][-]{subsubsection.3.2.1}{\376\377\000P\000e\000r\000f\000o\000r\000m\000a\000n\000c\000e\000\040\000R\000e\000q\000u\000i\000r\000e\000m\000e\000n\000t\000s}{subsection.3.2}% 21
\BOOKMARK [3][-]{subsubsection.3.2.2}{\376\377\000R\000e\000l\000i\000a\000b\000i\000l\000i\000t\000y\000\040\000a\000n\000d\000\040\000S\000a\000f\000e\000t\000y\000\040\000R\000e\000q\000u\000i\000r\000e\000m\000e\000n\000t\000s}{subsection.3.2}% 22
\BOOKMARK [3][-]{subsubsection.3.2.3}{\376\377\000U\000s\000a\000b\000i\000l\000i\000t\000y\000\040\000R\000e\000q\000u\000i\000r\000e\000m\000e\000n\000t\000s}{subsection.3.2}% 23
\BOOKMARK [2][-]{subsection.3.3}{\376\377\000S\000y\000s\000t\000e\000m\000\040\000A\000r\000c\000h\000i\000t\000e\000c\000t\000u\000r\000e}{section.3}% 24
\BOOKMARK [3][-]{subsubsection.3.3.1}{\376\377\000H\000a\000r\000d\000w\000a\000r\000e\000\040\000A\000r\000c\000h\000i\000t\000e\000c\000t\000u\000r\000e}{subsection.3.3}% 25
\BOOKMARK [3][-]{subsubsection.3.3.2}{\376\377\000F\000i\000r\000m\000w\000a\000r\000e\000\040\000A\000r\000c\000h\000i\000t\000e\000c\000t\000u\000r\000e}{subsection.3.3}% 26
\BOOKMARK [3][-]{subsubsection.3.3.3}{\376\377\000A\000p\000p\000l\000i\000c\000a\000t\000i\000o\000n\000\040\000A\000r\000c\000h\000i\000t\000e\000c\000t\000u\000r\000e}{subsection.3.3}% 27
\BOOKMARK [1][-]{section.4}{\376\377\000I\000m\000p\000l\000e\000m\000e\000n\000t\000a\000t\000i\000o\000n\000\040\000a\000n\000d\000\040\000P\000r\000o\000g\000r\000e\000s\000s}{}% 28
\BOOKMARK [2][-]{subsection.4.1}{\376\377\000H\000a\000r\000d\000w\000a\000r\000e\000\040\000D\000e\000v\000e\000l\000o\000p\000m\000e\000n\000t}{section.4}% 29
\BOOKMARK [2][-]{subsection.4.2}{\376\377\000F\000i\000r\000m\000w\000a\000r\000e\000\040\000D\000e\000v\000e\000l\000o\000p\000m\000e\000n\000t}{section.4}% 30
\BOOKMARK [2][-]{subsection.4.3}{\376\377\000i\000O\000S\000\040\000A\000p\000p\000l\000i\000c\000a\000t\000i\000o\000n\000\040\000D\000e\000v\000e\000l\000o\000p\000m\000e\000n\000t}{section.4}% 31
\BOOKMARK [2][-]{subsection.4.4}{\376\377\000B\000a\000c\000k\000e\000n\000d\000\040\000D\000e\000v\000e\000l\000o\000p\000m\000e\000n\000t}{section.4}% 32
\BOOKMARK [2][-]{subsection.4.5}{\376\377\000T\000e\000s\000t\000i\000n\000g\000\040\000a\000n\000d\000\040\000V\000a\000l\000i\000d\000a\000t\000i\000o\000n}{section.4}% 33
\BOOKMARK [2][-]{subsection.4.6}{\376\377\000C\000u\000r\000r\000e\000n\000t\000\040\000S\000t\000a\000t\000u\000s\000\040\000a\000n\000d\000\040\000M\000i\000l\000e\000s\000t\000o\000n\000e\000s}{section.4}% 34
\BOOKMARK [1][-]{section.5}{\376\377\000C\000o\000n\000c\000l\000u\000s\000i\000o\000n\000s}{}% 35
\BOOKMARK [2][-]{subsection.5.1}{\376\377\000P\000r\000o\000g\000r\000e\000s\000s\000\040\000S\000u\000m\000m\000a\000r\000y}{section.5}% 36
\BOOKMARK [2][-]{subsection.5.2}{\376\377\000A\000s\000s\000e\000s\000s\000m\000e\000n\000t\000\040\000A\000g\000a\000i\000n\000s\000t\000\040\000T\000i\000m\000e\000l\000i\000n\000e}{section.5}% 37
\BOOKMARK [2][-]{subsection.5.3}{\376\377\000K\000e\000y\000\040\000L\000e\000a\000r\000n\000i\000n\000g\000s}{section.5}% 38
\BOOKMARK [2][-]{subsection.5.4}{\376\377\000N\000e\000x\000t\000\040\000S\000t\000e\000p\000s}{section.5}% 39
\BOOKMARK [2][-]{subsection.5.5}{\376\377\000E\000s\000t\000i\000m\000a\000t\000e\000d\000\040\000T\000o\000t\000a\000l\000\040\000C\000o\000s\000t}{section.5}% 40
\BOOKMARK [2][-]{table.caption.9}{\376\377\000T\000a\000b\000l\000e\000\040\0001\000:\000\040\000E\000s\000t\000i\000m\000a\000t\000e\000d\000\040\000T\000o\000t\000a\000l\000\040\000C\000o\000s\000t\000\040\000o\000f\000\040\000P\000r\000o\000j\000e\000c\000t\000\040\000C\000o\000m\000p\000o\000n\000e\000n\000t\000s\000\040\000a\000n\000d\000\040\000M\000a\000t\000e\000r\000i\000a\000l\000s}{section.5}% 41
\BOOKMARK [2][-]{figure.caption.10}{\376\377\000F\000i\000g\000u\000r\000e\000\040\0005\000.\0005\000.\0001\000:\000\040\000E\000s\000t\000i\000m\000a\000t\000e\000d\000\040\000C\000o\000s\000t\000\040\000P\000i\000e\000\040\000C\000h\000a\000r\000t}{section.5}% 42
\BOOKMARK [2][-]{subsection.5.6}{\376\377\000G\000a\000n\000t\000t\000\040\000c\000h\000a\000r\000t\000\040\000d\000i\000a\000g\000r\000a\000m\000s}{section.5}% 43
\BOOKMARK [2][-]{figure.caption.11}{\376\377\000F\000i\000g\000u\000r\000e\000\040\0005\000.\0006\000.\0001\000:\000\040\000G\000a\000n\000t\000t\000\040\000C\000h\000a\000r\000t\000\040\000f\000o\000r\000\040\0001\000s\000t\000\040\000S\000e\000m\000e\000s\000t\000e\000r}{section.5}% 44
\BOOKMARK [2][-]{figure.caption.12}{\376\377\000F\000i\000g\000u\000r\000e\000\040\0005\000.\0006\000.\0002\000:\000\040\000G\000a\000n\000t\000t\000\040\000C\000h\000a\000r\000t\000\040\000f\000o\000r\000\040\0002\000n\000d\000\040\000S\000e\000m\000e\000s\000t\000e\000r}{section.5}% 45
\BOOKMARK [2][-]{subsection.5.7}{\376\377\000P\000l\000a\000n\000\040\000o\000f\000\040\000F\000i\000n\000a\000l\000\040\000R\000e\000p\000o\000r\000t\000\040\000S\000t\000r\000u\000c\000t\000u\000r\000e}{section.5}% 46
\BOOKMARK [3][-]{subsubsection.5.7.1}{\376\377\000P\000r\000o\000p\000o\000s\000e\000d\000\040\000C\000h\000a\000p\000t\000e\000r\000\040\000S\000t\000r\000u\000c\000t\000u\000r\000e}{subsection.5.7}% 47
\BOOKMARK [3][-]{section*.14}{\376\377\000T\000a\000b\000l\000e\000\040\0002\000:\000\040\000P\000r\000o\000p\000o\000s\000e\000d\000\040\000C\000h\000a\000p\000t\000e\000r\000\040\000S\000t\000r\000u\000c\000t\000u\000r\000e\000\040\000f\000o\000r\000\040\000F\000i\000n\000a\000l\000\040\000R\000e\000p\000o\000r\000t\000s}{subsection.5.7}% 48
\BOOKMARK [1][-]{section*.15}{\376\377\000R\000e\000f\000e\000r\000e\000n\000c\000e\000s}{}% 49
\BOOKMARK [1][-]{section*.16}{\376\377\000A\000p\000p\000e\000n\000d\000i\000c\000e\000s}{}% 50
\BOOKMARK [2][-]{section*.17}{\376\377\000A\000p\000p\000e\000n\000d\000i\000x\000\040\000A\000:\000\040\000H\000e\000a\000l\000t\000h\000\040\000a\000n\000d\000\040\000S\000a\000f\000e\000t\000y\000\040\000A\000s\000s\000e\000s\000s\000m\000e\000n\000t}{section*.16}% 51
\BOOKMARK [3][-]{section*.17}{\376\377\000H\000a\000z\000a\000r\000d\000\040\000I\000d\000e\000n\000t\000i\000f\000i\000c\000a\000t\000i\000o\000n\000\040\000a\000n\000d\000\040\000R\000i\000s\000k\000\040\000A\000s\000s\000e\000s\000s\000m\000e\000n\000t}{section*.16}% 52
\BOOKMARK [2][-]{table.1}{\376\377\000T\000a\000b\000l\000e\000\040\000A\000.\0001\000:\000\040\000H\000a\000z\000a\000r\000d\000s\000\040\000a\000n\000d\000\040\000C\000o\000n\000t\000r\000o\000l\000\040\000M\000e\000a\000s\000u\000r\000e\000s}{section*.16}% 53
\BOOKMARK [2][-]{section*.18}{\376\377\000A\000p\000p\000e\000n\000d\000i\000x\000\040\000B\000:\000\040\000E\000t\000h\000i\000c\000s\000\040\000C\000o\000n\000s\000i\000d\000e\000r\000a\000t\000i\000o\000n\000s}{section*.16}% 54
\BOOKMARK [3][-]{section*.19}{\376\377\000E\000t\000h\000i\000c\000a\000l\000\040\000R\000e\000v\000i\000e\000w\000\040\000A\000s\000s\000e\000s\000s\000m\000e\000n\000t}{section*.18}% 55
\BOOKMARK [3][-]{section*.20}{\376\377\000D\000a\000t\000a\000\040\000P\000r\000i\000v\000a\000c\000y\000\040\000a\000n\000d\000\040\000P\000r\000o\000t\000e\000c\000t\000i\000o\000n}{section*.18}% 56
\BOOKMARK [3][-]{section*.21}{\376\377\000I\000n\000f\000o\000r\000m\000e\000d\000\040\000C\000o\000n\000s\000e\000n\000t}{section*.18}% 57
\BOOKMARK [3][-]{section*.22}{\376\377\000T\000r\000a\000n\000s\000p\000a\000r\000e\000n\000c\000y\000\040\000a\000n\000d\000\040\000E\000x\000p\000l\000a\000i\000n\000a\000b\000i\000l\000i\000t\000y}{section*.18}% 58
\BOOKMARK [3][-]{section*.23}{\376\377\000T\000e\000s\000t\000i\000n\000g\000\040\000a\000n\000d\000\040\000E\000v\000a\000l\000u\000a\000t\000i\000o\000n}{section*.18}% 59
\BOOKMARK [3][-]{section*.24}{\376\377\000D\000a\000t\000a\000\040\000S\000e\000c\000u\000r\000i\000t\000y}{section*.18}% 60
\BOOKMARK [3][-]{section*.25}{\376\377\000R\000i\000s\000k\000-\000B\000e\000n\000e\000f\000i\000t\000\040\000A\000n\000a\000l\000y\000s\000i\000s}{section*.18}% 61
\BOOKMARK [3][-]{section*.26}{\376\377\000A\000s\000s\000e\000s\000s\000m\000e\000n\000t\000\040\000C\000o\000n\000c\000l\000u\000s\000i\000o\000n}{section*.18}% 62
\BOOKMARK [2][-]{section*.27}{\376\377\000A\000p\000p\000e\000n\000d\000i\000x\000\040\000C\000:\000\040\000P\000r\000o\000j\000e\000c\000t\000\040\000M\000e\000e\000t\000i\000n\000g\000s\000\040\000L\000o\000g}{section*.16}% 63
\BOOKMARK [2][-]{section*.28}{\376\377\000T\000a\000b\000l\000e\000\040\000C\000.\0001\000:\000\040\000P\000r\000o\000j\000e\000c\000t\000\040\000M\000e\000e\000t\000i\000n\000g\000s\000\040\000L\000o\000g}{section*.16}% 64
\BOOKMARK [2][-]{section*.29}{\376\377\000A\000p\000p\000e\000n\000d\000i\000x\000\040\000D\000:\000\040\000I\000n\000i\000t\000i\000a\000l\000\040\000E\000m\000a\000i\000l\000\040\000C\000o\000r\000r\000e\000s\000p\000o\000n\000d\000e\000n\000c\000e}{section*.16}% 65
\BOOKMARK [2][-]{figure.caption.30}{\376\377\000F\000i\000g\000u\000r\000e\000\040\000D\000.\0001\000:\000\040\000P\000r\000o\000j\000e\000c\000t\000\040\000P\000r\000o\000p\000o\000s\000a\000l\000\040\000E\000m\000a\000i\000l\000\040\000C\000o\000n\000f\000i\000r\000m\000a\000t\000i\000o\000n}{section*.16}% 66
\BOOKMARK [2][-]{figure.caption.30}{\376\377\000A\000p\000p\000e\000n\000d\000i\000x\000\040\000E\000:\000\040\000C\000o\000m\000p\000o\000n\000e\000n\000t\000\040\000S\000p\000e\000c\000i\000f\000i\000c\000a\000t\000i\000o\000n\000s}{section*.16}% 67
\BOOKMARK [2][-]{table.caption.31}{\376\377\000T\000a\000b\000l\000e\000\040\000E\000.\0001\000:\000\040\000E\000S\000P\0003\0002\000\040\000W\000R\000O\000O\000M\000\040\0003\0002\000D\000\040\000M\000o\000d\000u\000l\000e\000\040\000S\000p\000e\000c\000i\000f\000c\000a\000t\000i\000o\000n\000s}{section*.16}% 68
\BOOKMARK [2][-]{table.caption.32}{\376\377\000T\000a\000b\000l\000e\000\040\000E\000.\0002\000:\000\040\000B\000T\000F\000-\000L\000I\000G\000H\000T\000I\000N\000G\000\040\000C\000O\000B\000\040\000L\000E\000D\000\040\000S\000t\000r\000i\000p\000\040\000S\000p\000e\000c\000i\000f\000i\000c\000a\000t\000i\000o\000n\000s}{section*.16}% 69
\BOOKMARK [2][-]{table.caption.33}{\376\377\000T\000a\000b\000l\000e\000\040\000E\000.\0003\000:\000\040\000H\000a\000i\000l\000e\000g\000e\000\040\000B\000H\0001\0007\0005\0000\000F\000V\000I\000\040\000G\000Y\000-\0003\0000\000\040\000S\000e\000n\000s\000o\000r\000\040\000M\000o\000d\000u\000l\000e\000\040\000S\000p\000e\000c\000i\000f\000i\000c\000a\000t\000i\000o\000n\000s}{section*.16}% 70
\BOOKMARK [2][-]{table.caption.34}{\376\377\000T\000a\000b\000l\000e\000\040\000E\000.\0004\000:\000\040\000A\000i\000m\000-\000T\000T\000i\000\040\000P\000L\000-\000P\000\040\000S\000e\000r\000i\000e\000s\000\040\000D\000i\000g\000i\000t\000a\000l\000\040\000B\000e\000n\000c\000h\000\040\000P\000o\000w\000e\000r\000\040\000S\000u\000p\000p\000l\000y\000\040\000S\000p\000e\000c\000i\000f\000i\000c\000a\000t\000i\000o\000n\000s}{section*.16}% 71
\BOOKMARK [2][-]{table.caption.35}{\376\377\000T\000a\000b\000l\000e\000\040\000E\000.\0005\000:\000\040\000C\000a\000b\000l\000e\000\040\000M\000a\000t\000t\000e\000r\000s\000\040\000B\000r\000a\000i\000d\000e\000d\000\040\000U\000S\000B\000-\000C\000\040\000t\000o\000\040\000M\000i\000c\000r\000o\000\040\000U\000S\000B\000\040\000C\000a\000b\000l\000e\000\040\000S\000p\000e\000c\000i\000f\000i\000c\000a\000t\000i\000o\000n\000s}{section*.16}% 72
\BOOKMARK [2][-]{table.caption.36}{\376\377\000T\000a\000b\000l\000e\000\040\000E\000.\0006\000:\000\040\000D\000F\000R\000o\000b\000o\000t\000\040\000G\000r\000a\000v\000i\000t\000y\000\040\000M\000O\000S\000F\000E\000T\000\040\000P\000C\000M\000\040\000S\000p\000e\000c\000i\000f\000i\000c\000a\000t\000i\000o\000n\000s}{section*.16}% 73
\BOOKMARK [2][-]{table.caption.37}{\376\377\000T\000a\000b\000l\000e\000\040\000E\000.\0007\000:\000\040\000T\000h\000e\000r\000m\000a\000l\000\040\000C\000o\000n\000d\000u\000c\000t\000i\000v\000e\000\040\000D\000o\000u\000b\000l\000e\000-\000S\000i\000d\000e\000d\000\040\000A\000d\000h\000e\000s\000i\000v\000e\000\040\000T\000a\000p\000e\000\040\000S\000p\000e\000c\000i\000f\000i\000c\000a\000t\000i\000o\000n\000s}{section*.16}% 74
\BOOKMARK [2][-]{table.caption.38}{\376\377\000T\000a\000b\000l\000e\000\040\000E\000.\0008\000:\000\040\000I\000n\000t\000e\000g\000r\000a\000l\000\040\000I\000L\000P\000F\000S\0001\0007\0001\000\040\000A\000l\000u\000m\000i\000n\000i\000u\000m\000\040\000H\000e\000a\000t\000\040\000S\000i\000n\000k\000\040\000P\000l\000a\000t\000e\000\040\000S\000p\000e\000c\000i\000f\000i\000c\000a\000t\000i\000o\000n\000s}{section*.16}% 75
\BOOKMARK [2][-]{table.caption.39}{\376\377\000T\000a\000b\000l\000e\000\040\000E\000.\0009\000:\000\040\000E\0002\0007\000\040\000L\000a\000m\000p\000\040\000H\000o\000l\000d\000e\000r\000\040\000B\000a\000s\000e\000\040\000S\000o\000c\000k\000e\000t\000\040\000S\000p\000e\000c\000i\000f\000i\000c\000a\000t\000i\000o\000n\000s}{section*.16}% 76
\BOOKMARK [2][-]{table.caption.40}{\376\377\000T\000a\000b\000l\000e\000\040\000E\000.\0001\0000\000:\000\040\000A\000I\000T\000R\000I\000P\000\040\000D\000S\0001\0008\000B\0002\0000\000\040\000T\000e\000m\000p\000e\000r\000a\000t\000u\000r\000e\000\040\000S\000e\000n\000s\000o\000r\000\040\000M\000o\000d\000u\000l\000e\000\040\000S\000p\000e\000c\000i\000f\000i\000c\000a\000t\000i\000o\000n\000s}{section*.16}% 77
\BOOKMARK [2][-]{table.caption.41}{\376\377\000T\000a\000b\000l\000e\000\040\000E\000.\0001\0001\000:\000\040\000G\000r\000o\000u\000p\000e\000d\000\040\000B\000u\000l\000b\000\040\000H\000a\000r\000d\000w\000a\000r\000e\000\040\000S\000p\000e\000c\000i\000f\000i\000c\000a\000t\000i\000o\000n\000s}{section*.16}% 78
