\BOOKMARK [1][-]{section*.1}{\376\377\000E\000x\000e\000c\000u\000t\000i\000v\000e\000\040\000S\000u\000m\000m\000a\000r\000y}{}% 1
\BOOKMARK [1][-]{section*.3}{\376\377\000L\000i\000s\000t\000\040\000o\000f\000\040\000F\000i\000g\000u\000r\000e\000s}{}% 2
\BOOKMARK [1][-]{section*.4}{\376\377\000L\000i\000s\000t\000\040\000o\000f\000\040\000T\000a\000b\000l\000e\000s}{}% 3
\BOOKMARK [1][-]{section.1}{\376\377\000I\000n\000t\000r\000o\000d\000u\000c\000t\000i\000o\000n}{}% 4
\BOOKMARK [2][-]{subsection.1.1}{\376\377\000P\000r\000o\000j\000e\000c\000t\000\040\000M\000o\000t\000i\000v\000a\000t\000i\000o\000n}{section.1}% 5
\BOOKMARK [2][-]{subsection.1.2}{\376\377\000A\000i\000m\000s\000\040\000a\000n\000d\000\040\000O\000b\000j\000e\000c\000t\000i\000v\000e\000s}{section.1}% 6
\BOOKMARK [3][-]{subsubsection.1.2.1}{\376\377\000P\000r\000i\000m\000a\000r\000y\000\040\000O\000b\000j\000e\000c\000t\000i\000v\000e\000s}{subsection.1.2}% 7
\BOOKMARK [3][-]{subsubsection.1.2.2}{\376\377\000S\000e\000c\000o\000n\000d\000a\000r\000y\000\040\000O\000b\000j\000e\000c\000t\000i\000v\000e\000s}{subsection.1.2}% 8
\BOOKMARK [2][-]{subsection.1.3}{\376\377\000P\000r\000o\000j\000e\000c\000t\000\040\000S\000c\000o\000p\000e\000\040\000a\000n\000d\000\040\000C\000o\000n\000s\000t\000r\000a\000i\000n\000t\000s}{section.1}% 9
\BOOKMARK [1][-]{section.2}{\376\377\000L\000i\000t\000e\000r\000a\000t\000u\000r\000e\000\040\000S\000u\000r\000v\000e\000y\000\040\000a\000n\000d\000\040\000T\000e\000c\000h\000n\000o\000l\000o\000g\000y\000\040\000R\000e\000v\000i\000e\000w}{}% 10
\BOOKMARK [2][-]{subsection.2.1}{\376\377\000S\000m\000a\000r\000t\000\040\000L\000i\000g\000h\000t\000i\000n\000g\000\040\000S\000y\000s\000t\000e\000m\000s\000\040\000a\000n\000d\000\040\000H\000o\000m\000e\000\040\000A\000u\000t\000o\000m\000a\000t\000i\000o\000n}{section.2}% 11
\BOOKMARK [2][-]{subsection.2.2}{\376\377\000L\000E\000D\000\040\000T\000e\000c\000h\000n\000o\000l\000o\000g\000y\000\040\000a\000n\000d\000\040\000D\000r\000i\000v\000e\000r\000\040\000C\000i\000r\000c\000u\000i\000t\000s}{section.2}% 12
\BOOKMARK [2][-]{subsection.2.3}{\376\377\000E\000m\000b\000e\000d\000d\000e\000d\000\040\000S\000y\000s\000t\000e\000m\000s\000\040\000a\000n\000d\000\040\000I\000o\000T\000\040\000P\000l\000a\000t\000f\000o\000r\000m\000s}{section.2}% 13
\BOOKMARK [2][-]{subsection.2.4}{\376\377\000M\000a\000c\000h\000i\000n\000e\000\040\000L\000e\000a\000r\000n\000i\000n\000g\000\040\000o\000n\000\040\000E\000m\000b\000e\000d\000d\000e\000d\000\040\000D\000e\000v\000i\000c\000e\000s}{section.2}% 14
\BOOKMARK [2][-]{subsection.2.5}{\376\377\000H\000e\000a\000l\000t\000h\000\040\000D\000a\000t\000a\000\040\000I\000n\000t\000e\000g\000r\000a\000t\000i\000o\000n\000\040\000a\000n\000d\000\040\000P\000r\000i\000v\000a\000c\000y}{section.2}% 15
\BOOKMARK [2][-]{subsection.2.6}{\376\377\000C\000i\000r\000c\000a\000d\000i\000a\000n\000\040\000R\000h\000y\000t\000h\000m\000\040\000a\000n\000d\000\040\000L\000i\000g\000h\000t\000i\000n\000g\000\040\000E\000f\000f\000e\000c\000t\000s}{section.2}% 16
\BOOKMARK [2][-]{subsection.2.7}{\376\377\000S\000u\000m\000m\000a\000r\000y\000\040\000o\000f\000\040\000K\000e\000y\000\040\000F\000i\000n\000d\000i\000n\000g\000s}{section.2}% 17
\BOOKMARK [1][-]{section.3}{\376\377\000R\000e\000q\000u\000i\000r\000e\000m\000e\000n\000t\000s\000\040\000A\000n\000a\000l\000y\000s\000i\000s\000\040\000a\000n\000d\000\040\000S\000y\000s\000t\000e\000m\000\040\000D\000e\000s\000i\000g\000n}{}% 18
\BOOKMARK [2][-]{subsection.3.1}{\376\377\000F\000u\000n\000c\000t\000i\000o\000n\000a\000l\000\040\000R\000e\000q\000u\000i\000r\000e\000m\000e\000n\000t\000s}{section.3}% 19
\BOOKMARK [3][-]{subsubsection.3.1.1}{\376\377\000C\000o\000r\000e\000\040\000F\000u\000n\000c\000t\000i\000o\000n\000a\000l\000\040\000R\000e\000q\000u\000i\000r\000e\000m\000e\000n\000t\000s}{subsection.3.1}% 20
\BOOKMARK [3][-]{subsubsection.3.1.2}{\376\377\000A\000d\000d\000i\000t\000i\000o\000n\000a\000l\000\040\000F\000u\000n\000c\000t\000i\000o\000n\000a\000l\000\040\000R\000e\000q\000u\000i\000r\000e\000m\000e\000n\000t\000s}{subsection.3.1}% 21
\BOOKMARK [2][-]{subsection.3.2}{\376\377\000N\000o\000n\000-\000F\000u\000n\000c\000t\000i\000o\000n\000a\000l\000\040\000R\000e\000q\000u\000i\000r\000e\000m\000e\000n\000t\000s}{section.3}% 22
\BOOKMARK [3][-]{subsubsection.3.2.1}{\376\377\000P\000e\000r\000f\000o\000r\000m\000a\000n\000c\000e\000\040\000R\000e\000q\000u\000i\000r\000e\000m\000e\000n\000t\000s}{subsection.3.2}% 23
\BOOKMARK [3][-]{subsubsection.3.2.2}{\376\377\000R\000e\000l\000i\000a\000b\000i\000l\000i\000t\000y\000\040\000a\000n\000d\000\040\000S\000a\000f\000e\000t\000y\000\040\000R\000e\000q\000u\000i\000r\000e\000m\000e\000n\000t\000s}{subsection.3.2}% 24
\BOOKMARK [3][-]{subsubsection.3.2.3}{\376\377\000U\000s\000a\000b\000i\000l\000i\000t\000y\000\040\000R\000e\000q\000u\000i\000r\000e\000m\000e\000n\000t\000s}{subsection.3.2}% 25
\BOOKMARK [2][-]{subsection.3.3}{\376\377\000S\000y\000s\000t\000e\000m\000\040\000A\000r\000c\000h\000i\000t\000e\000c\000t\000u\000r\000e}{section.3}% 26
\BOOKMARK [3][-]{subsubsection.3.3.1}{\376\377\000H\000a\000r\000d\000w\000a\000r\000e\000\040\000A\000r\000c\000h\000i\000t\000e\000c\000t\000u\000r\000e}{subsection.3.3}% 27
\BOOKMARK [3][-]{subsubsection.3.3.2}{\376\377\000F\000i\000r\000m\000w\000a\000r\000e\000\040\000A\000r\000c\000h\000i\000t\000e\000c\000t\000u\000r\000e}{subsection.3.3}% 28
\BOOKMARK [3][-]{subsubsection.3.3.3}{\376\377\000A\000p\000p\000l\000i\000c\000a\000t\000i\000o\000n\000\040\000A\000r\000c\000h\000i\000t\000e\000c\000t\000u\000r\000e}{subsection.3.3}% 29
\BOOKMARK [1][-]{section.4}{\376\377\000I\000m\000p\000l\000e\000m\000e\000n\000t\000a\000t\000i\000o\000n\000\040\000a\000n\000d\000\040\000P\000r\000o\000g\000r\000e\000s\000s}{}% 30
\BOOKMARK [2][-]{subsection.4.1}{\376\377\000H\000a\000r\000d\000w\000a\000r\000e\000\040\000D\000e\000v\000e\000l\000o\000p\000m\000e\000n\000t}{section.4}% 31
\BOOKMARK [2][-]{subsection.4.2}{\376\377\000F\000i\000r\000m\000w\000a\000r\000e\000\040\000D\000e\000v\000e\000l\000o\000p\000m\000e\000n\000t}{section.4}% 32
\BOOKMARK [2][-]{subsection.4.3}{\376\377\000i\000O\000S\000\040\000A\000p\000p\000l\000i\000c\000a\000t\000i\000o\000n\000\040\000D\000e\000v\000e\000l\000o\000p\000m\000e\000n\000t}{section.4}% 33
\BOOKMARK [2][-]{subsection.4.4}{\376\377\000B\000a\000c\000k\000e\000n\000d\000\040\000D\000e\000v\000e\000l\000o\000p\000m\000e\000n\000t}{section.4}% 34
\BOOKMARK [2][-]{subsection.4.5}{\376\377\000T\000e\000s\000t\000i\000n\000g\000\040\000a\000n\000d\000\040\000V\000a\000l\000i\000d\000a\000t\000i\000o\000n}{section.4}% 35
\BOOKMARK [2][-]{subsection.4.6}{\376\377\000C\000u\000r\000r\000e\000n\000t\000\040\000S\000t\000a\000t\000u\000s\000\040\000a\000n\000d\000\040\000M\000i\000l\000e\000s\000t\000o\000n\000e\000s}{section.4}% 36
\BOOKMARK [1][-]{section.5}{\376\377\000C\000o\000n\000c\000l\000u\000s\000i\000o\000n\000s}{}% 37
\BOOKMARK [2][-]{subsection.5.1}{\376\377\000P\000r\000o\000g\000r\000e\000s\000s\000\040\000S\000u\000m\000m\000a\000r\000y}{section.5}% 38
\BOOKMARK [2][-]{subsection.5.2}{\376\377\000A\000s\000s\000e\000s\000s\000m\000e\000n\000t\000\040\000A\000g\000a\000i\000n\000s\000t\000\040\000T\000i\000m\000e\000l\000i\000n\000e}{section.5}% 39
\BOOKMARK [2][-]{subsection.5.3}{\376\377\000K\000e\000y\000\040\000L\000e\000a\000r\000n\000i\000n\000g\000s}{section.5}% 40
\BOOKMARK [2][-]{subsection.5.4}{\376\377\000N\000e\000x\000t\000\040\000S\000t\000e\000p\000s}{section.5}% 41
\BOOKMARK [2][-]{subsection.5.5}{\376\377\000E\000s\000t\000i\000m\000a\000t\000e\000d\000\040\000T\000o\000t\000a\000l\000\040\000C\000o\000s\000t}{section.5}% 42
\BOOKMARK [2][-]{subsection.5.6}{\376\377\000G\000a\000n\000t\000t\000\040\000c\000h\000a\000r\000t\000\040\000d\000i\000a\000g\000r\000a\000m\000s}{section.5}% 43
\BOOKMARK [2][-]{subsection.5.7}{\376\377\000P\000l\000a\000n\000\040\000o\000f\000\040\000F\000i\000n\000a\000l\000\040\000R\000e\000p\000o\000r\000t\000\040\000S\000t\000r\000u\000c\000t\000u\000r\000e}{section.5}% 44
\BOOKMARK [3][-]{subsubsection.5.7.1}{\376\377\000P\000r\000o\000p\000o\000s\000e\000d\000\040\000C\000h\000a\000p\000t\000e\000r\000\040\000S\000t\000r\000u\000c\000t\000u\000r\000e}{subsection.5.7}% 45
\BOOKMARK [1][-]{section*.16}{\376\377\000R\000e\000f\000e\000r\000e\000n\000c\000e\000s}{}% 46
\BOOKMARK [1][-]{section*.17}{\376\377\000A\000p\000p\000e\000n\000d\000i\000c\000e\000s}{}% 47
\BOOKMARK [2][-]{section*.18}{\376\377\000A\000p\000p\000e\000n\000d\000i\000x\000\040\000A\000:\000\040\000H\000e\000a\000l\000t\000h\000\040\000a\000n\000d\000\040\000S\000a\000f\000e\000t\000y\000\040\000A\000s\000s\000e\000s\000s\000m\000e\000n\000t}{section*.17}% 48
\BOOKMARK [3][-]{section*.18}{\376\377\000H\000a\000z\000a\000r\000d\000\040\000I\000d\000e\000n\000t\000i\000f\000i\000c\000a\000t\000i\000o\000n\000\040\000a\000n\000d\000\040\000R\000i\000s\000k\000\040\000A\000s\000s\000e\000s\000s\000m\000e\000n\000t}{section*.17}% 49
\BOOKMARK [3][-]{section*.19}{\376\377\000H\000a\000z\000a\000r\000d\000s\000\040\000a\000n\000d\000\040\000C\000o\000n\000t\000r\000o\000l\000\040\000M\000e\000a\000s\000u\000r\000e\000s}{section*.17}% 50
\BOOKMARK [2][-]{section*.21}{\376\377\000A\000p\000p\000e\000n\000d\000i\000x\000\040\000B\000:\000\040\000E\000t\000h\000i\000c\000s\000\040\000C\000o\000n\000s\000i\000d\000e\000r\000a\000t\000i\000o\000n\000s}{section*.17}% 51
\BOOKMARK [3][-]{section*.22}{\376\377\000E\000t\000h\000i\000c\000a\000l\000\040\000R\000e\000v\000i\000e\000w\000\040\000A\000s\000s\000e\000s\000s\000m\000e\000n\000t}{section*.21}% 52
\BOOKMARK [3][-]{section*.23}{\376\377\000D\000a\000t\000a\000\040\000P\000r\000i\000v\000a\000c\000y\000\040\000a\000n\000d\000\040\000P\000r\000o\000t\000e\000c\000t\000i\000o\000n}{section*.21}% 53
\BOOKMARK [3][-]{section*.24}{\376\377\000I\000n\000f\000o\000r\000m\000e\000d\000\040\000C\000o\000n\000s\000e\000n\000t}{section*.21}% 54
\BOOKMARK [3][-]{section*.25}{\376\377\000T\000r\000a\000n\000s\000p\000a\000r\000e\000n\000c\000y\000\040\000a\000n\000d\000\040\000E\000x\000p\000l\000a\000i\000n\000a\000b\000i\000l\000i\000t\000y}{section*.21}% 55
\BOOKMARK [3][-]{section*.26}{\376\377\000T\000e\000s\000t\000i\000n\000g\000\040\000a\000n\000d\000\040\000E\000v\000a\000l\000u\000a\000t\000i\000o\000n}{section*.21}% 56
\BOOKMARK [3][-]{section*.27}{\376\377\000D\000a\000t\000a\000\040\000S\000e\000c\000u\000r\000i\000t\000y}{section*.21}% 57
\BOOKMARK [3][-]{section*.28}{\376\377\000R\000i\000s\000k\000-\000B\000e\000n\000e\000f\000i\000t\000\040\000A\000n\000a\000l\000y\000s\000i\000s}{section*.21}% 58
\BOOKMARK [3][-]{section*.29}{\376\377\000A\000s\000s\000e\000s\000s\000m\000e\000n\000t\000\040\000C\000o\000n\000c\000l\000u\000s\000i\000o\000n}{section*.21}% 59
\BOOKMARK [2][-]{section*.30}{\376\377\000A\000p\000p\000e\000n\000d\000i\000x\000\040\000C\000:\000\040\000P\000r\000o\000j\000e\000c\000t\000\040\000M\000e\000e\000t\000i\000n\000g\000s\000\040\000L\000o\000g}{section*.17}% 60
\BOOKMARK [2][-]{section*.31}{\376\377\000A\000p\000p\000e\000n\000d\000i\000x\000\040\000D\000:\000\040\000I\000n\000i\000t\000i\000a\000l\000\040\000E\000m\000a\000i\000l\000\040\000C\000o\000r\000r\000e\000s\000p\000o\000n\000d\000e\000n\000c\000e}{section*.17}% 61
\BOOKMARK [2][-]{figure.caption.32}{\376\377\000A\000p\000p\000e\000n\000d\000i\000x\000\040\000E\000:\000\040\000C\000o\000m\000p\000o\000n\000e\000n\000t\000\040\000S\000p\000e\000c\000i\000f\000i\000c\000a\000t\000i\000o\000n\000s}{section*.17}% 62
\BOOKMARK [2][-]{section*.44}{\376\377\000A\000p\000p\000e\000n\000d\000i\000x\000\040\000F\000:\000\040\000S\000o\000u\000r\000c\000e\000\040\000C\000o\000d\000e}{section*.17}% 63
\BOOKMARK [3][-]{section*.45}{\376\377\000B\000a\000c\000k\000e\000n\000d\000\040\000F\000i\000l\000e\000s\000\040\000\050\000P\000y\000t\000h\000o\000n\000/\000F\000l\000a\000s\000k\000\051}{section*.44}% 64
\BOOKMARK [4][-]{section*.45}{\376\377\000a\000p\000p\000.\000p\000y}{section*.44}% 65
\BOOKMARK [4][-]{section*.45}{\376\377\000s\000e\000n\000d\000\137\000v\000e\000r\000i\000f\000i\000c\000a\000t\000i\000o\000n\000\137\000e\000m\000a\000i\000l\000.\000p\000y}{section*.44}% 66
\BOOKMARK [4][-]{section*.45}{\376\377\000h\000e\000l\000l\000o\000.\000t\000x\000t}{section*.44}% 67
\BOOKMARK [3][-]{section*.45}{\376\377\000S\000w\000i\000f\000t\000\040\000F\000i\000l\000e\000s}{section*.44}% 68
\BOOKMARK [4][-]{section*.46}{\376\377\000O\000S\000\040\000A\000p\000p\000\040\000e\000n\000t\000r\000y\000\040\000p\000o\000i\000n\000t}{section*.45}% 69
\BOOKMARK [5][-]{section*.46}{\376\377\000A\000I\000\137\000B\000a\000s\000e\000d\000\137\000S\000m\000a\000r\000t\000\137\000B\000u\000l\000b\000\137\000f\000o\000r\000\137\000A\000d\000a\000p\000t\000i\000v\000e\000\137\000H\000o\000m\000e\000\137\000A\000u\000t\000o\000m\000a\000t\000i\000o\000n\000A\000p\000p\000.\000s\000w\000i\000f\000t}{section*.45}% 70
\BOOKMARK [4][-]{section*.46}{\376\377\000C\000o\000n\000f\000i\000g\000u\000r\000a\000t\000i\000o\000n}{section*.45}% 71
\BOOKMARK [5][-]{section*.47}{\376\377\000A\000P\000I\000C\000o\000n\000f\000i\000g\000.\000s\000w\000i\000f\000t}{section*.46}% 72
\BOOKMARK [4][-]{section*.47}{\376\377\000A\000u\000t\000h\000e\000n\000t\000i\000c\000a\000t\000i\000o\000n\000\040\000F\000l\000o\000w}{section*.45}% 73
\BOOKMARK [5][-]{section*.48}{\376\377\000W\000e\000l\000c\000o\000m\000e\000V\000i\000e\000w\000.\000s\000w\000i\000f\000t}{section*.47}% 74
\BOOKMARK [5][-]{section*.48}{\376\377\000R\000e\000g\000i\000s\000t\000e\000r\000E\000m\000a\000i\000l\000V\000i\000e\000w\000.\000s\000w\000i\000f\000t}{section*.47}% 75
\BOOKMARK [5][-]{section*.48}{\376\377\000R\000e\000g\000i\000s\000t\000e\000r\000P\000a\000s\000s\000w\000o\000r\000d\000V\000i\000e\000w\000.\000s\000w\000i\000f\000t}{section*.47}% 76
\BOOKMARK [5][-]{section*.48}{\376\377\000L\000o\000g\000i\000n\000V\000i\000e\000w\000.\000s\000w\000i\000f\000t}{section*.47}% 77
\BOOKMARK [5][-]{section*.48}{\376\377\000R\000e\000s\000e\000t\000P\000a\000s\000s\000w\000o\000r\000d\000V\000i\000e\000w\000.\000s\000w\000i\000f\000t}{section*.47}% 78
\BOOKMARK [4][-]{section*.48}{\376\377\000M\000a\000i\000n\000\040\000A\000p\000p\000\040\000V\000i\000e\000w\000s}{section*.45}% 79
\BOOKMARK [5][-]{section*.49}{\376\377\000H\000o\000m\000e\000V\000i\000e\000w\000.\000s\000w\000i\000f\000t}{section*.48}% 80
\BOOKMARK [5][-]{section*.49}{\376\377\000S\000e\000t\000t\000i\000n\000g\000s\000V\000i\000e\000w\000.\000s\000w\000i\000f\000t}{section*.48}% 81
\BOOKMARK [5][-]{section*.49}{\376\377\000A\000d\000d\000B\000u\000l\000b\000V\000i\000e\000w\000.\000s\000w\000i\000f\000t}{section*.48}% 82
\BOOKMARK [5][-]{section*.49}{\376\377\000S\000a\000v\000e\000d\000B\000u\000l\000b\000C\000o\000n\000t\000r\000o\000l\000V\000i\000e\000w\000.\000s\000w\000i\000f\000t}{section*.48}% 83
\BOOKMARK [4][-]{section*.49}{\376\377\000C\000o\000r\000e\000\040\000B\000l\000u\000e\000t\000o\000o\000t\000h\000\040\000L\000o\000g\000i\000c}{section*.45}% 84
\BOOKMARK [5][-]{section*.50}{\376\377\000B\000L\000E\000M\000a\000n\000a\000g\000e\000r\000.\000s\000w\000i\000f\000t}{section*.49}% 85
\BOOKMARK [4][-]{section*.50}{\376\377\000U\000I\000\040\000C\000o\000m\000p\000o\000n\000e\000n\000t\000s}{section*.45}% 86
\BOOKMARK [5][-]{section*.51}{\376\377\000B\000u\000l\000b\000U\000I\000C\000o\000m\000p\000o\000n\000e\000n\000t\000s\000.\000s\000w\000i\000f\000t}{section*.50}% 87
\BOOKMARK [5][-]{section*.51}{\376\377\000C\000i\000r\000c\000u\000l\000a\000r\000B\000u\000t\000t\000o\000n\000S\000t\000y\000l\000e\000.\000s\000w\000i\000f\000t}{section*.50}% 88
