\BOOKMARK [1][-]{section*.1}{\376\377\000E\000x\000e\000c\000u\000t\000i\000v\000e\000\040\000S\000u\000m\000m\000a\000r\000y}{}% 1
\BOOKMARK [1][-]{section*.11}{\376\377\000L\000i\000s\000t\000\040\000o\000f\000\040\000F\000i\000g\000u\000r\000e\000s}{}% 2
\BOOKMARK [1][-]{section*.12}{\376\377\000L\000i\000s\000t\000\040\000o\000f\000\040\000T\000a\000b\000l\000e\000s}{}% 3
\BOOKMARK [1][-]{section*.16}{\376\377\000A\000c\000r\000o\000n\000y\000m\000s}{}% 4
\BOOKMARK [1][-]{section.1}{\376\377\000I\000n\000t\000r\000o\000d\000u\000c\000t\000i\000o\000n}{}% 5
\BOOKMARK [2][-]{subsection.1.1}{\376\377\000P\000r\000o\000j\000e\000c\000t\000\040\000M\000o\000t\000i\000v\000a\000t\000i\000o\000n}{section.1}% 6
\BOOKMARK [2][-]{subsection.1.2}{\376\377\000A\000i\000m\000s\000\040\000a\000n\000d\000\040\000O\000b\000j\000e\000c\000t\000i\000v\000e\000s}{section.1}% 7
\BOOKMARK [3][-]{subsubsection.1.2.1}{\376\377\000P\000r\000i\000m\000a\000r\000y\000\040\000O\000b\000j\000e\000c\000t\000i\000v\000e\000s}{subsection.1.2}% 8
\BOOKMARK [3][-]{subsubsection.1.2.2}{\376\377\000S\000e\000c\000o\000n\000d\000a\000r\000y\000\040\000O\000b\000j\000e\000c\000t\000i\000v\000e\000s}{subsection.1.2}% 9
\BOOKMARK [2][-]{subsection.1.3}{\376\377\000P\000r\000o\000j\000e\000c\000t\000\040\000S\000c\000o\000p\000e\000\040\000a\000n\000d\000\040\000C\000o\000n\000s\000t\000r\000a\000i\000n\000t\000s}{section.1}% 10
\BOOKMARK [1][-]{section.2}{\376\377\000L\000i\000t\000e\000r\000a\000t\000u\000r\000e\000\040\000S\000u\000r\000v\000e\000y\000\040\000a\000n\000d\000\040\000T\000e\000c\000h\000n\000o\000l\000o\000g\000y\000\040\000R\000e\000v\000i\000e\000w}{}% 11
\BOOKMARK [2][-]{subsection.2.1}{\376\377\000S\000m\000a\000r\000t\000\040\000L\000i\000g\000h\000t\000i\000n\000g\000\040\000S\000y\000s\000t\000e\000m\000s\000\040\000a\000n\000d\000\040\000H\000o\000m\000e\000\040\000A\000u\000t\000o\000m\000a\000t\000i\000o\000n}{section.2}% 12
\BOOKMARK [2][-]{subsection.2.2}{\376\377\000L\000E\000D\000\040\000T\000e\000c\000h\000n\000o\000l\000o\000g\000y\000\040\000a\000n\000d\000\040\000D\000r\000i\000v\000e\000r\000\040\000C\000i\000r\000c\000u\000i\000t\000s}{section.2}% 13
\BOOKMARK [2][-]{subsection.2.3}{\376\377\000E\000m\000b\000e\000d\000d\000e\000d\000\040\000S\000y\000s\000t\000e\000m\000s\000\040\000a\000n\000d\000\040\000I\000o\000T\000\040\000P\000l\000a\000t\000f\000o\000r\000m\000s}{section.2}% 14
\BOOKMARK [2][-]{subsection.2.4}{\376\377\000M\000a\000c\000h\000i\000n\000e\000\040\000L\000e\000a\000r\000n\000i\000n\000g\000\040\000o\000n\000\040\000E\000m\000b\000e\000d\000d\000e\000d\000\040\000D\000e\000v\000i\000c\000e\000s}{section.2}% 15
\BOOKMARK [2][-]{subsection.2.5}{\376\377\000H\000e\000a\000l\000t\000h\000\040\000D\000a\000t\000a\000\040\000I\000n\000t\000e\000g\000r\000a\000t\000i\000o\000n\000\040\000a\000n\000d\000\040\000P\000r\000i\000v\000a\000c\000y}{section.2}% 16
\BOOKMARK [2][-]{subsection.2.6}{\376\377\000C\000i\000r\000c\000a\000d\000i\000a\000n\000\040\000R\000h\000y\000t\000h\000m\000\040\000a\000n\000d\000\040\000L\000i\000g\000h\000t\000i\000n\000g\000\040\000E\000f\000f\000e\000c\000t\000s}{section.2}% 17
\BOOKMARK [2][-]{subsection.2.7}{\376\377\000S\000u\000m\000m\000a\000r\000y\000\040\000o\000f\000\040\000K\000e\000y\000\040\000F\000i\000n\000d\000i\000n\000g\000s}{section.2}% 18
\BOOKMARK [1][-]{section.3}{\376\377\000R\000e\000q\000u\000i\000r\000e\000m\000e\000n\000t\000s\000\040\000A\000n\000a\000l\000y\000s\000i\000s\000\040\000a\000n\000d\000\040\000S\000y\000s\000t\000e\000m\000\040\000D\000e\000s\000i\000g\000n}{}% 19
\BOOKMARK [2][-]{subsection.3.1}{\376\377\000F\000u\000n\000c\000t\000i\000o\000n\000a\000l\000\040\000R\000e\000q\000u\000i\000r\000e\000m\000e\000n\000t\000s}{section.3}% 20
\BOOKMARK [3][-]{subsubsection.3.1.1}{\376\377\000C\000o\000r\000e\000\040\000F\000u\000n\000c\000t\000i\000o\000n\000a\000l\000\040\000R\000e\000q\000u\000i\000r\000e\000m\000e\000n\000t\000s}{subsection.3.1}% 21
\BOOKMARK [3][-]{subsubsection.3.1.2}{\376\377\000A\000d\000d\000i\000t\000i\000o\000n\000a\000l\000\040\000F\000u\000n\000c\000t\000i\000o\000n\000a\000l\000\040\000R\000e\000q\000u\000i\000r\000e\000m\000e\000n\000t\000s}{subsection.3.1}% 22
\BOOKMARK [2][-]{subsection.3.2}{\376\377\000N\000o\000n\000-\000F\000u\000n\000c\000t\000i\000o\000n\000a\000l\000\040\000R\000e\000q\000u\000i\000r\000e\000m\000e\000n\000t\000s}{section.3}% 23
\BOOKMARK [3][-]{subsubsection.3.2.1}{\376\377\000P\000e\000r\000f\000o\000r\000m\000a\000n\000c\000e\000\040\000R\000e\000q\000u\000i\000r\000e\000m\000e\000n\000t\000s}{subsection.3.2}% 24
\BOOKMARK [3][-]{subsubsection.3.2.2}{\376\377\000R\000e\000l\000i\000a\000b\000i\000l\000i\000t\000y\000\040\000a\000n\000d\000\040\000S\000a\000f\000e\000t\000y\000\040\000R\000e\000q\000u\000i\000r\000e\000m\000e\000n\000t\000s}{subsection.3.2}% 25
\BOOKMARK [3][-]{subsubsection.3.2.3}{\376\377\000U\000s\000a\000b\000i\000l\000i\000t\000y\000\040\000R\000e\000q\000u\000i\000r\000e\000m\000e\000n\000t\000s}{subsection.3.2}% 26
\BOOKMARK [2][-]{subsection.3.3}{\376\377\000S\000y\000s\000t\000e\000m\000\040\000A\000r\000c\000h\000i\000t\000e\000c\000t\000u\000r\000e}{section.3}% 27
\BOOKMARK [3][-]{subsubsection.3.3.1}{\376\377\000H\000a\000r\000d\000w\000a\000r\000e\000\040\000A\000r\000c\000h\000i\000t\000e\000c\000t\000u\000r\000e}{subsection.3.3}% 28
\BOOKMARK [3][-]{subsubsection.3.3.2}{\376\377\000F\000i\000r\000m\000w\000a\000r\000e\000\040\000A\000r\000c\000h\000i\000t\000e\000c\000t\000u\000r\000e}{subsection.3.3}% 29
\BOOKMARK [3][-]{subsubsection.3.3.3}{\376\377\000A\000p\000p\000l\000i\000c\000a\000t\000i\000o\000n\000\040\000A\000r\000c\000h\000i\000t\000e\000c\000t\000u\000r\000e}{subsection.3.3}% 30
\BOOKMARK [1][-]{section.4}{\376\377\000I\000m\000p\000l\000e\000m\000e\000n\000t\000a\000t\000i\000o\000n\000\040\000a\000n\000d\000\040\000P\000r\000o\000g\000r\000e\000s\000s}{}% 31
\BOOKMARK [2][-]{subsection.4.1}{\376\377\000H\000a\000r\000d\000w\000a\000r\000e\000\040\000D\000e\000v\000e\000l\000o\000p\000m\000e\000n\000t}{section.4}% 32
\BOOKMARK [2][-]{subsection.4.2}{\376\377\000F\000i\000r\000m\000w\000a\000r\000e\000\040\000D\000e\000v\000e\000l\000o\000p\000m\000e\000n\000t}{section.4}% 33
\BOOKMARK [2][-]{subsection.4.3}{\376\377\000i\000O\000S\000\040\000A\000p\000p\000l\000i\000c\000a\000t\000i\000o\000n\000\040\000D\000e\000v\000e\000l\000o\000p\000m\000e\000n\000t}{section.4}% 34
\BOOKMARK [2][-]{subsection.4.4}{\376\377\000B\000a\000c\000k\000e\000n\000d\000\040\000D\000e\000v\000e\000l\000o\000p\000m\000e\000n\000t}{section.4}% 35
\BOOKMARK [2][-]{subsection.4.5}{\376\377\000T\000e\000s\000t\000i\000n\000g\000\040\000a\000n\000d\000\040\000V\000a\000l\000i\000d\000a\000t\000i\000o\000n}{section.4}% 36
\BOOKMARK [2][-]{subsection.4.6}{\376\377\000C\000u\000r\000r\000e\000n\000t\000\040\000S\000t\000a\000t\000u\000s\000\040\000a\000n\000d\000\040\000M\000i\000l\000e\000s\000t\000o\000n\000e\000s}{section.4}% 37
\BOOKMARK [1][-]{section.5}{\376\377\000C\000o\000n\000c\000l\000u\000s\000i\000o\000n\000s}{}% 38
\BOOKMARK [2][-]{subsection.5.1}{\376\377\000P\000r\000o\000g\000r\000e\000s\000s\000\040\000S\000u\000m\000m\000a\000r\000y}{section.5}% 39
\BOOKMARK [2][-]{subsection.5.2}{\376\377\000A\000s\000s\000e\000s\000s\000m\000e\000n\000t\000\040\000A\000g\000a\000i\000n\000s\000t\000\040\000T\000i\000m\000e\000l\000i\000n\000e}{section.5}% 40
\BOOKMARK [2][-]{subsection.5.3}{\376\377\000K\000e\000y\000\040\000L\000e\000a\000r\000n\000i\000n\000g\000s}{section.5}% 41
\BOOKMARK [2][-]{subsection.5.4}{\376\377\000N\000e\000x\000t\000\040\000S\000t\000e\000p\000s}{section.5}% 42
\BOOKMARK [2][-]{subsection.5.5}{\376\377\000E\000s\000t\000i\000m\000a\000t\000e\000d\000\040\000T\000o\000t\000a\000l\000\040\000C\000o\000s\000t}{section.5}% 43
\BOOKMARK [2][-]{subsection.5.6}{\376\377\000G\000a\000n\000t\000t\000\040\000c\000h\000a\000r\000t\000\040\000d\000i\000a\000g\000r\000a\000m\000s}{section.5}% 44
\BOOKMARK [2][-]{subsection.5.7}{\376\377\000P\000l\000a\000n\000\040\000o\000f\000\040\000F\000i\000n\000a\000l\000\040\000R\000e\000p\000o\000r\000t\000\040\000S\000t\000r\000u\000c\000t\000u\000r\000e}{section.5}% 45
\BOOKMARK [3][-]{subsubsection.5.7.1}{\376\377\000P\000r\000o\000p\000o\000s\000e\000d\000\040\000C\000h\000a\000p\000t\000e\000r\000\040\000S\000t\000r\000u\000c\000t\000u\000r\000e}{subsection.5.7}% 46
\BOOKMARK [1][-]{section*.46}{\376\377\000R\000e\000f\000e\000r\000e\000n\000c\000e\000s}{}% 47
\BOOKMARK [1][-]{section*.47}{\376\377\000A\000p\000p\000e\000n\000d\000i\000c\000e\000s}{}% 48
\BOOKMARK [2][-]{section*.48}{\376\377\000A\000p\000p\000e\000n\000d\000i\000x\000\040\000A\000:\000\040\000H\000e\000a\000l\000t\000h\000\040\000a\000n\000d\000\040\000S\000a\000f\000e\000t\000y\000\040\000A\000s\000s\000e\000s\000s\000m\000e\000n\000t}{section*.47}% 49
\BOOKMARK [3][-]{section*.48}{\376\377\000H\000a\000z\000a\000r\000d\000\040\000I\000d\000e\000n\000t\000i\000f\000i\000c\000a\000t\000i\000o\000n\000\040\000a\000n\000d\000\040\000R\000i\000s\000k\000\040\000A\000s\000s\000e\000s\000s\000m\000e\000n\000t}{section*.47}% 50
\BOOKMARK [3][-]{section*.50}{\376\377\000H\000a\000z\000a\000r\000d\000s\000\040\000a\000n\000d\000\040\000C\000o\000n\000t\000r\000o\000l\000\040\000M\000e\000a\000s\000u\000r\000e\000s}{section*.47}% 51
\BOOKMARK [2][-]{section*.53}{\376\377\000A\000p\000p\000e\000n\000d\000i\000x\000\040\000B\000:\000\040\000E\000t\000h\000i\000c\000s\000\040\000C\000o\000n\000s\000i\000d\000e\000r\000a\000t\000i\000o\000n\000s}{section*.47}% 52
\BOOKMARK [3][-]{section*.54}{\376\377\000E\000t\000h\000i\000c\000a\000l\000\040\000R\000e\000v\000i\000e\000w\000\040\000A\000s\000s\000e\000s\000s\000m\000e\000n\000t}{section*.53}% 53
\BOOKMARK [3][-]{section*.55}{\376\377\000D\000a\000t\000a\000\040\000P\000r\000i\000v\000a\000c\000y\000\040\000a\000n\000d\000\040\000P\000r\000o\000t\000e\000c\000t\000i\000o\000n}{section*.53}% 54
\BOOKMARK [3][-]{section*.56}{\376\377\000I\000n\000f\000o\000r\000m\000e\000d\000\040\000C\000o\000n\000s\000e\000n\000t}{section*.53}% 55
\BOOKMARK [3][-]{section*.57}{\376\377\000T\000r\000a\000n\000s\000p\000a\000r\000e\000n\000c\000y\000\040\000a\000n\000d\000\040\000E\000x\000p\000l\000a\000i\000n\000a\000b\000i\000l\000i\000t\000y}{section*.53}% 56
\BOOKMARK [3][-]{section*.58}{\376\377\000T\000e\000s\000t\000i\000n\000g\000\040\000a\000n\000d\000\040\000E\000v\000a\000l\000u\000a\000t\000i\000o\000n}{section*.53}% 57
\BOOKMARK [3][-]{section*.59}{\376\377\000D\000a\000t\000a\000\040\000S\000e\000c\000u\000r\000i\000t\000y}{section*.53}% 58
\BOOKMARK [3][-]{section*.62}{\376\377\000R\000i\000s\000k\000-\000B\000e\000n\000e\000f\000i\000t\000\040\000A\000n\000a\000l\000y\000s\000i\000s}{section*.53}% 59
\BOOKMARK [3][-]{section*.63}{\376\377\000A\000s\000s\000e\000s\000s\000m\000e\000n\000t\000\040\000C\000o\000n\000c\000l\000u\000s\000i\000o\000n}{section*.53}% 60
\BOOKMARK [2][-]{section*.64}{\376\377\000A\000p\000p\000e\000n\000d\000i\000x\000\040\000C\000:\000\040\000P\000r\000o\000j\000e\000c\000t\000\040\000M\000e\000e\000t\000i\000n\000g\000s\000\040\000L\000o\000g}{section*.47}% 61
\BOOKMARK [2][-]{section*.65}{\376\377\000A\000p\000p\000e\000n\000d\000i\000x\000\040\000D\000:\000\040\000I\000n\000i\000t\000i\000a\000l\000\040\000E\000m\000a\000i\000l\000\040\000C\000o\000r\000r\000e\000s\000p\000o\000n\000d\000e\000n\000c\000e}{section*.47}% 62
\BOOKMARK [2][-]{figure.caption.66}{\376\377\000A\000p\000p\000e\000n\000d\000i\000x\000\040\000E\000:\000\040\000C\000o\000m\000p\000o\000n\000e\000n\000t\000\040\000S\000p\000e\000c\000i\000f\000i\000c\000a\000t\000i\000o\000n\000s}{section*.47}% 63
\BOOKMARK [2][-]{section*.82}{\376\377\000A\000p\000p\000e\000n\000d\000i\000x\000\040\000F\000:\000\040\000S\000o\000u\000r\000c\000e\000\040\000C\000o\000d\000e}{section*.47}% 64
\BOOKMARK [3][-]{section*.84}{\376\377\000B\000a\000c\000k\000e\000n\000d\000\040\000F\000i\000l\000e\000s\000\040\000\050\000P\000y\000t\000h\000o\000n\000/\000F\000l\000a\000s\000k\000\051}{section*.82}% 65
\BOOKMARK [4][-]{section*.84}{\376\377\000a\000p\000p\000.\000p\000y}{section*.82}% 66
\BOOKMARK [4][-]{section*.84}{\376\377\000s\000e\000n\000d\000\137\000v\000e\000r\000i\000f\000i\000c\000a\000t\000i\000o\000n\000\137\000e\000m\000a\000i\000l\000.\000p\000y}{section*.82}% 67
\BOOKMARK [4][-]{section*.84}{\376\377\000h\000e\000l\000l\000o\000.\000t\000x\000t}{section*.82}% 68
\BOOKMARK [3][-]{section*.84}{\376\377\000S\000w\000i\000f\000t\000\040\000F\000i\000l\000e\000s}{section*.82}% 69
\BOOKMARK [4][-]{section*.85}{\376\377\000O\000S\000\040\000A\000p\000p\000\040\000e\000n\000t\000r\000y\000\040\000p\000o\000i\000n\000t}{section*.84}% 70
\BOOKMARK [5][-]{section*.85}{\376\377\000A\000I\000\137\000B\000a\000s\000e\000d\000\137\000S\000m\000a\000r\000t\000\137\000B\000u\000l\000b\000\137\000f\000o\000r\000\137\000A\000d\000a\000p\000t\000i\000v\000e\000\137\000H\000o\000m\000e\000\137\000A\000u\000t\000o\000m\000a\000t\000i\000o\000n\000A\000p\000p\000.\000s\000w\000i\000f\000t}{section*.84}% 71
\BOOKMARK [4][-]{section*.85}{\376\377\000C\000o\000n\000f\000i\000g\000u\000r\000a\000t\000i\000o\000n}{section*.84}% 72
\BOOKMARK [5][-]{section*.86}{\376\377\000A\000P\000I\000C\000o\000n\000f\000i\000g\000.\000s\000w\000i\000f\000t}{section*.85}% 73
\BOOKMARK [4][-]{section*.86}{\376\377\000A\000u\000t\000h\000e\000n\000t\000i\000c\000a\000t\000i\000o\000n\000\040\000F\000l\000o\000w}{section*.84}% 74
\BOOKMARK [5][-]{section*.88}{\376\377\000W\000e\000l\000c\000o\000m\000e\000V\000i\000e\000w\000.\000s\000w\000i\000f\000t}{section*.86}% 75
\BOOKMARK [5][-]{section*.88}{\376\377\000R\000e\000g\000i\000s\000t\000e\000r\000E\000m\000a\000i\000l\000V\000i\000e\000w\000.\000s\000w\000i\000f\000t}{section*.86}% 76
\BOOKMARK [5][-]{section*.88}{\376\377\000R\000e\000g\000i\000s\000t\000e\000r\000P\000a\000s\000s\000w\000o\000r\000d\000V\000i\000e\000w\000.\000s\000w\000i\000f\000t}{section*.86}% 77
\BOOKMARK [5][-]{section*.88}{\376\377\000L\000o\000g\000i\000n\000V\000i\000e\000w\000.\000s\000w\000i\000f\000t}{section*.86}% 78
\BOOKMARK [5][-]{section*.88}{\376\377\000R\000e\000s\000e\000t\000P\000a\000s\000s\000w\000o\000r\000d\000V\000i\000e\000w\000.\000s\000w\000i\000f\000t}{section*.86}% 79
\BOOKMARK [4][-]{section*.88}{\376\377\000M\000a\000i\000n\000\040\000A\000p\000p\000\040\000V\000i\000e\000w\000s}{section*.84}% 80
\BOOKMARK [5][-]{section*.89}{\376\377\000H\000o\000m\000e\000V\000i\000e\000w\000.\000s\000w\000i\000f\000t}{section*.88}% 81
\BOOKMARK [5][-]{section*.89}{\376\377\000S\000e\000t\000t\000i\000n\000g\000s\000V\000i\000e\000w\000.\000s\000w\000i\000f\000t}{section*.88}% 82
\BOOKMARK [5][-]{section*.89}{\376\377\000A\000d\000d\000B\000u\000l\000b\000V\000i\000e\000w\000.\000s\000w\000i\000f\000t}{section*.88}% 83
\BOOKMARK [5][-]{section*.89}{\376\377\000S\000a\000v\000e\000d\000B\000u\000l\000b\000C\000o\000n\000t\000r\000o\000l\000V\000i\000e\000w\000.\000s\000w\000i\000f\000t}{section*.88}% 84
\BOOKMARK [4][-]{section*.89}{\376\377\000C\000o\000r\000e\000\040\000B\000l\000u\000e\000t\000o\000o\000t\000h\000\040\000L\000o\000g\000i\000c}{section*.84}% 85
\BOOKMARK [5][-]{section*.90}{\376\377\000B\000L\000E\000M\000a\000n\000a\000g\000e\000r\000.\000s\000w\000i\000f\000t}{section*.89}% 86
\BOOKMARK [4][-]{section*.90}{\376\377\000U\000I\000\040\000C\000o\000m\000p\000o\000n\000e\000n\000t\000s}{section*.84}% 87
\BOOKMARK [5][-]{section*.91}{\376\377\000B\000u\000l\000b\000U\000I\000C\000o\000m\000p\000o\000n\000e\000n\000t\000s\000.\000s\000w\000i\000f\000t}{section*.90}% 88
\BOOKMARK [5][-]{section*.91}{\376\377\000C\000i\000r\000c\000u\000l\000a\000r\000B\000u\000t\000t\000o\000n\000S\000t\000y\000l\000e\000.\000s\000w\000i\000f\000t}{section*.90}% 89
